*PADS-PCB*
*PART*
1      R1206-HP_L
BT1    CR1220-2 电池卧式底座
C1     1210
C2     1210
C3     1210
C4     1210
C5     1210
C6     1210
C7     1210
C8     1210
C9     1210
C10    1210
C11    1210
C12    1210
C13    1210
C14    1210
C15    1210
C16    1210
C17    1210
C18    1210
C19    1210
C20    1210
C21    1210
C22    1210
C23    1210
C24    1210
C25    1210
C26    1210
C27    1210
D1     0805
D2     DO-204AH(DO-35)
E1     C65225
E2     C65225
JP1    HDR2.54-WI-2x10P
JP2    HDR2.54-LI-2x2P
JP3    HDR2.54-LI-2x3P
L1     0805
LED1   led3色
P1     2.54paizhen2*27
P2     2.54paizhen2*27
Q1     SOT-23
Q2     SOT-23
R1     R1206-HP_L
R2     R1206-HP_L
R3     R1206-HP_L
R4     R1206-HP_L
R5     R1206-HP_L
R6     R1206-HP_L
R7     R1206-HP_L
R8     R1206-HP_L
R9     R1206-HP_L
R10    R1206-HP_L
R11    R1206-HP_L
R12    R1206-HP_L
R13    R1206-HP_L
R14    R1206-HP_L
R15    R1206-HP_L
R16    R1206-HP_L
R17    R1206-HP_L
R18    R1206-HP_L
R19    R1206-HP_L
R20    R1206-HP_L
R21    R1206-HP_L
R22    R1206-HP_L
R23    R1206-HP_L
R24    R1206-HP_L
R25    R1206-HP_L
R26    R1206-HP_L
SW1    按键
SW2    按键
SW3    按键
SW4    SS-12F23
U1     STM-LQFP144_V
U2     SOP16
USB1   MICRO USB 5S B 型
USB2   MICRO USB 5S B 型
V1     AMS1117-3.3
X1     Radial,2x6mm
X2     Radial,2x6mm
X3     Radial,2x6mm
*END*
