Remove Pin=BT1-2 From Net=VBAT
Remove Pin=D2-1 From Net=RESET
Remove Pin=JP1-15 From Net=RESET
Remove Pin=JP2-2 From Net=TXD
Remove Pin=JP2-4 From Net=RXD
Remove Pin=R6-1 From Net=BOOT0
Remove Pin=R7-2 From Net=BOOT1
Remove Pin=R13-2 From Net=WK_UP
Remove Pin=R15-2 From Net=KEY0
Remove Pin=R16-1 From Net=PB5
Remove Pin=R17-1 From Net=PB0
Remove Pin=R18-1 From Net=PB1
Remove Pin=R22-2 From Net=D-
Remove Pin=R24-2 From Net=D+
Remove Pin=R26-1 From Net=BOOT0
Remove Pin=U1-4 From Net=PE5
Remove Pin=U1-5 From Net=PE6
Remove Pin=U1-6 From Net=VBAT
Remove Pin=U1-7 From Net=PC13
Remove Pin=U1-18 From Net=PF6
Remove Pin=U1-19 From Net=PF7
Remove Pin=U1-23 From Net=SOCIN
Remove Pin=U1-24 From Net=SOCOUT
Remove Pin=U1-25 From Net=RESET
Remove Pin=U1-26 From Net=PC0
Remove Pin=U1-27 From Net=PC10
Remove Pin=U1-28 From Net=PC2
Remove Pin=U1-29 From Net=PC3
Remove Pin=U1-31 From Net=VREF-
Remove Pin=U1-32 From Net=VREF+
Remove Pin=U1-35 From Net=PA1
Remove Pin=U1-40 From Net=PA4
Remove Pin=U1-44 From Net=PC4
Remove Pin=U1-45 From Net=PC5
Remove Pin=U1-49 From Net=PF11
Remove Pin=U1-96 From Net=PC6
Remove Pin=U1-97 From Net=PC7
Remove Pin=U1-100 From Net=PA8
Remove Pin=U1-117 From Net=PD3
Remove Pin=U1-122 From Net=PD6
Remove Pin=U1-123 From Net=PD7
Remove Pin=U1-124 From Net=PG9
Remove Pin=U1-126 From Net=PG11
Remove Pin=U1-128 From Net=PG13
Remove Pin=U1-129 From Net=PG14
Remove Pin=U1-132 From Net=PG15
Remove Pin=U1-135 From Net=PB5
Remove Pin=U1-136 From Net=PB6
Remove Pin=U1-137 From Net=PB7
Remove Pin=U1-138 From Net=BOOT0
Remove Pin=U1-139 From Net=PB8
Remove Pin=U1-140 From Net=PB9
Remove Pin=U2-2 From Net=TXD
Remove Pin=U2-3 From Net=RXD
Remove Pin=U2-5 From Net=CH340G_D+
Remove Pin=U2-6 From Net=CH340G_D-
Remove Pin=USB2-2 From Net=CH340G_D-
Remove Pin=USB2-3 From Net=CH340G_D+
