Remove Pin=P1-1 From Net=KEY1
Remove Pin=P1-2 From Net=KEY
Remove Pin=P1-3 From Net=PE5
Remove Pin=P1-4 From Net=KEY0
Remove Pin=P1-5 From Net=PC13
Remove Pin=P1-6 From Net=PE6
Remove Pin=P1-7 From Net=FSMC_A1
Remove Pin=P1-8 From Net=FSMC_A0
Remove Pin=P1-9 From Net=FSMC_A3
Remove Pin=P1-10 From Net=FSMC_A2
Remove Pin=P1-11 From Net=FSMC_A5
Remove Pin=P1-12 From Net=FSMC_A4
Remove Pin=P1-13 From Net=PF7
Remove Pin=P1-14 From Net=PF6
Remove Pin=P1-15 From Net=PF9
Remove Pin=P1-16 From Net=PF8
Remove Pin=P1-17 From Net=PC0
Remove Pin=P1-18 From Net=PF10
Remove Pin=P1-19 From Net=PC2
Remove Pin=P1-20 From Net=PC13
Remove Pin=P1-21 From Net=PA0
Remove Pin=P1-22 From Net=PC3
Remove Pin=P1-23 From Net=PA2
Remove Pin=P1-24 From Net=PA1
Remove Pin=P1-25 From Net=PA4
Remove Pin=P1-26 From Net=PA3
Remove Pin=P1-27 From Net=PA6
Remove Pin=P1-28 From Net=PA5
Remove Pin=P1-29 From Net=PC4
Remove Pin=P1-30 From Net=PA7
Remove Pin=P1-31 From Net=LCD_BL
Remove Pin=P1-32 From Net=PC5
Remove Pin=P1-33 From Net=BOOT1
Remove Pin=P1-34 From Net=IIC_SDA
Remove Pin=P1-35 From Net=FSMC_A6
Remove Pin=P1-36 From Net=PF11
Remove Pin=P1-37 From Net=FSMC_A8
Remove Pin=P1-38 From Net=FSMC_A7
Remove Pin=P1-39 From Net=FSMC_A10
Remove Pin=P1-40 From Net=FSMC_A9
Remove Pin=P1-41 From Net=FSMC_D4
Remove Pin=P1-42 From Net=FSMC_A11
Remove Pin=P1-43 From Net=FSMC_D6
Remove Pin=P1-44 From Net=FSMC_D5
Remove Pin=P1-45 From Net=FSMC_D8
Remove Pin=P1-46 From Net=FSMC_D7
Remove Pin=P1-47 From Net=FSMC_D10
Remove Pin=P1-48 From Net=FSMC_D9
Remove Pin=P1-49 From Net=FSMC_D12
Remove Pin=P1-50 From Net=FSMC_D11
Remove Pin=P1-51 From Net=IIC_SDA
Remove Pin=P1-52 From Net=IIC_SCL
Remove Pin=P2-1 From Net=FSMC_D7
Remove Pin=P2-2 From Net=FSMC_NBL0
Remove Pin=P2-3 From Net=PB9
Remove Pin=P2-4 From Net=PB8
Remove Pin=P2-5 From Net=PB7
Remove Pin=P2-6 From Net=PB6
Remove Pin=P2-7 From Net=PB5
Remove Pin=P2-8 From Net=J_TRST
Remove Pin=P2-9 From Net=J_TDO
Remove Pin=P2-10 From Net=PG15
Remove Pin=P2-11 From Net=PG14
Remove Pin=P2-12 From Net=PG13
Remove Pin=P2-13 From Net=FSMC_NE4
Remove Pin=P2-14 From Net=PG11
Remove Pin=P2-15 From Net=FSMC_NE3
Remove Pin=P2-16 From Net=PG9
Remove Pin=P2-17 From Net=PD7
Remove Pin=P2-18 From Net=PD6
Remove Pin=P2-19 From Net=FSMC_NWE
Remove Pin=P2-20 From Net=FSMC_NOE
Remove Pin=P2-21 From Net=PD3
Remove Pin=P2-22 From Net=PD2
Remove Pin=P2-23 From Net=FSMC_D3
Remove Pin=P2-24 From Net=FSMC_D2
Remove Pin=P2-25 From Net=PC12
Remove Pin=P2-26 From Net=PC11
Remove Pin=P2-27 From Net=PC10
Remove Pin=P2-28 From Net=J_TDI
Remove Pin=P2-29 From Net=J_TCK
Remove Pin=P2-30 From Net=J_TMS
Remove Pin=P2-31 From Net=PA12
Remove Pin=P2-32 From Net=PA11
Remove Pin=P2-33 From Net=D+
Remove Pin=P2-34 From Net=D-
Remove Pin=P2-35 From Net=PA8
Remove Pin=P2-36 From Net=PC9
Remove Pin=P2-37 From Net=PC8
Remove Pin=P2-38 From Net=PC7
Remove Pin=P2-39 From Net=PC6
Remove Pin=P2-40 From Net=NRF_IRQ
Remove Pin=P2-41 From Net=NRF_CS
Remove Pin=P2-42 From Net=NRF_CE
Remove Pin=P2-43 From Net=FSMC_A15
Remove Pin=P2-44 From Net=FSMC_A14
Remove Pin=P2-45 From Net=FSMC_A13
Remove Pin=P2-46 From Net=FSMC_A12
Remove Pin=P2-47 From Net=FSMC_D13
Remove Pin=P2-48 From Net=FSMC_D0
Remove Pin=P2-49 From Net=FSMC_A18
Remove Pin=P2-50 From Net=FSMC_A17
Remove Pin=P2-51 From Net=FSMC_A16
Remove Pin=P2-52 From Net=FSMC_D15
Remove Pin=P2-53 From Net=FSMC_D14
Remove Pin=P2-54 From Net=FSMC_D13
Remove Pin=P2-55 From Net=PB15
Remove Pin=P2-56 From Net=PB14
Remove Pin=P2-57 From Net=PB13
Remove Pin=P2-58 From Net=F_CS
