Replace Part 104 C2 in C:\Users\杨建\Desktop\stm32AD\stm32\stm32.SchDoc with C2 from stm32.SchLib
Replace Part C1 C in C:\Users\杨建\Desktop\stm32AD\stm32\stm32.SchDoc with C from stm32.SchLib
Replace Part C2 C in C:\Users\杨建\Desktop\stm32AD\stm32\stm32.SchDoc with C from stm32.SchLib
Replace Part C3 C in C:\Users\杨建\Desktop\stm32AD\stm32\stm32.SchDoc with C from stm32.SchLib
Replace Part C4 C in C:\Users\杨建\Desktop\stm32AD\stm32\stm32.SchDoc with C from stm32.SchLib
Replace Part C5 C in C:\Users\杨建\Desktop\stm32AD\stm32\stm32.SchDoc with C from stm32.SchLib
Replace Part C6 C in C:\Users\杨建\Desktop\stm32AD\stm32\stm32.SchDoc with C from stm32.SchLib
Replace Part C7 C in C:\Users\杨建\Desktop\stm32AD\stm32\stm32.SchDoc with C from stm32.SchLib
Replace Part C8 C in C:\Users\杨建\Desktop\stm32AD\stm32\stm32.SchDoc with C from stm32.SchLib
Replace Part C9 C in C:\Users\杨建\Desktop\stm32AD\stm32\stm32.SchDoc with C from stm32.SchLib
Replace Part C10 C in C:\Users\杨建\Desktop\stm32AD\stm32\stm32.SchDoc with C from stm32.SchLib
Replace Part C11 C in C:\Users\杨建\Desktop\stm32AD\stm32\stm32.SchDoc with C from stm32.SchLib
Replace Part JP1 JTAG in C:\Users\杨建\Desktop\stm32AD\stm32\stm32.SchDoc with JTAG from stm32.SchLib
Replace Part JP2 Header 2X2 in C:\Users\杨建\Desktop\stm32AD\stm32\stm32.SchDoc with Header 2X2 from stm32.SchLib
Replace Part JP3 Header 3X2 in C:\Users\杨建\Desktop\stm32AD\stm32\stm32.SchDoc with Header 3X2 from stm32.SchLib
Replace Part P1 HEAD2*27 in C:\Users\杨建\Desktop\stm32AD\stm32\stm32.SchDoc with HEAD2*27 from stm32.SchLib
Replace Part P2 HEAD2*27 in C:\Users\杨建\Desktop\stm32AD\stm32\stm32.SchDoc with HEAD2*27 from stm32.SchLib
Replace Part R1 R in C:\Users\杨建\Desktop\stm32AD\stm32\stm32.SchDoc with R from stm32.SchLib
Replace Part R2 R in C:\Users\杨建\Desktop\stm32AD\stm32\stm32.SchDoc with R from stm32.SchLib
Replace Part R3 R in C:\Users\杨建\Desktop\stm32AD\stm32\stm32.SchDoc with R from stm32.SchLib
Replace Part R4 R in C:\Users\杨建\Desktop\stm32AD\stm32\stm32.SchDoc with R from stm32.SchLib
Replace Part R5 R in C:\Users\杨建\Desktop\stm32AD\stm32\stm32.SchDoc with R from stm32.SchLib
Replace Part R6 R in C:\Users\杨建\Desktop\stm32AD\stm32\stm32.SchDoc with R from stm32.SchLib
Replace Part R7 R in C:\Users\杨建\Desktop\stm32AD\stm32\stm32.SchDoc with R from stm32.SchLib
Replace Part R8 R in C:\Users\杨建\Desktop\stm32AD\stm32\stm32.SchDoc with R from stm32.SchLib
Replace Part R9 R in C:\Users\杨建\Desktop\stm32AD\stm32\stm32.SchDoc with R from stm32.SchLib
Replace Part R10 R in C:\Users\杨建\Desktop\stm32AD\stm32\stm32.SchDoc with R from stm32.SchLib
Replace Part SW? TSW SMD-4x4 in C:\Users\杨建\Desktop\stm32AD\stm32\stm32.SchDoc with TSW SMD-4x4 from stm32.SchLib
Replace Part U1 STM32F103ZET6 in C:\Users\杨建\Desktop\stm32AD\stm32\stm32.SchDoc with STM32F103ZET6 from stm32.SchLib
