Added Component: Designator=P?(2*27HEADER)
Added Component: Designator=P?(2*27HEADER)
Added Pin To Net: NetName=FSMC_D7 Pin=P?-1
Added Pin To Net: NetName=KEY1 Pin=P?-1
Added Pin To Net: NetName=FSMC_NBL0 Pin=P?-2
Added Pin To Net: NetName=KEY Pin=P?-2
Added Pin To Net: NetName=PB9 Pin=P?-3
Added Pin To Net: NetName=PE5 Pin=P?-3
Added Pin To Net: NetName=KEY0 Pin=P?-4
Added Pin To Net: NetName=PB8 Pin=P?-4
Added Pin To Net: NetName=PB7 Pin=P?-5
Added Pin To Net: NetName=PC13 Pin=P?-5
Added Pin To Net: NetName=PB6 Pin=P?-6
Added Pin To Net: NetName=PE6 Pin=P?-6
Added Pin To Net: NetName=FSMC_A1 Pin=P?-7
Added Pin To Net: NetName=PB5 Pin=P?-7
Added Pin To Net: NetName=FSMC_A0 Pin=P?-8
Added Pin To Net: NetName=J_TRST Pin=P?-8
Added Pin To Net: NetName=FSMC_A3 Pin=P?-9
Added Pin To Net: NetName=J_TDO Pin=P?-9
Added Pin To Net: NetName=FSMC_A2 Pin=P?-10
Added Pin To Net: NetName=PG15 Pin=P?-10
Added Pin To Net: NetName=FSMC_A5 Pin=P?-11
Added Pin To Net: NetName=PG14 Pin=P?-11
Added Pin To Net: NetName=FSMC_A4 Pin=P?-12
Added Pin To Net: NetName=PG13 Pin=P?-12
Added Pin To Net: NetName=FSMC_NE4 Pin=P?-13
Added Pin To Net: NetName=PF7 Pin=P?-13
Added Pin To Net: NetName=PF6 Pin=P?-14
Added Pin To Net: NetName=PG11 Pin=P?-14
Added Pin To Net: NetName=FSMC_NE3 Pin=P?-15
Added Pin To Net: NetName=PF9 Pin=P?-15
Added Pin To Net: NetName=PF8 Pin=P?-16
Added Pin To Net: NetName=PG9 Pin=P?-16
Added Pin To Net: NetName=PC0 Pin=P?-17
Added Pin To Net: NetName=PD7 Pin=P?-17
Added Pin To Net: NetName=PD6 Pin=P?-18
Added Pin To Net: NetName=PF10 Pin=P?-18
Added Pin To Net: NetName=FSMC_NWE Pin=P?-19
Added Pin To Net: NetName=PC2 Pin=P?-19
Added Pin To Net: NetName=FSMC_NOE Pin=P?-20
Added Pin To Net: NetName=PC13 Pin=P?-20
Added Pin To Net: NetName=PA0 Pin=P?-21
Added Pin To Net: NetName=PD3 Pin=P?-21
Added Pin To Net: NetName=PC3 Pin=P?-22
Added Pin To Net: NetName=PD2 Pin=P?-22
Added Pin To Net: NetName=FSMC_D3 Pin=P?-23
Added Pin To Net: NetName=PA2 Pin=P?-23
Added Pin To Net: NetName=FSMC_D2 Pin=P?-24
Added Pin To Net: NetName=PA1 Pin=P?-24
Added Pin To Net: NetName=PA4 Pin=P?-25
Added Pin To Net: NetName=PC12 Pin=P?-25
Added Pin To Net: NetName=PA3 Pin=P?-26
Added Pin To Net: NetName=PC11 Pin=P?-26
Added Pin To Net: NetName=PA6 Pin=P?-27
Added Pin To Net: NetName=PC10 Pin=P?-27
Added Pin To Net: NetName=J_TDI Pin=P?-28
Added Pin To Net: NetName=PA5 Pin=P?-28
Added Pin To Net: NetName=J_TCK Pin=P?-29
Added Pin To Net: NetName=PC4 Pin=P?-29
Added Pin To Net: NetName=J_TMS Pin=P?-30
Added Pin To Net: NetName=PA7 Pin=P?-30
Added Pin To Net: NetName=LCD_BL Pin=P?-31
Added Pin To Net: NetName=PA12 Pin=P?-31
Added Pin To Net: NetName=PA11 Pin=P?-32
Added Pin To Net: NetName=PC5 Pin=P?-32
Added Pin To Net: NetName=BOOT1 Pin=P?-33
Added Pin To Net: NetName=D+ Pin=P?-33
Added Pin To Net: NetName=D- Pin=P?-34
Added Pin To Net: NetName=IIC_SDA Pin=P?-34
Added Pin To Net: NetName=FSMC_A6 Pin=P?-35
Added Pin To Net: NetName=PA8 Pin=P?-35
Added Pin To Net: NetName=PC9 Pin=P?-36
Added Pin To Net: NetName=PF11 Pin=P?-36
Added Pin To Net: NetName=FSMC_A8 Pin=P?-37
Added Pin To Net: NetName=PC8 Pin=P?-37
Added Pin To Net: NetName=FSMC_A7 Pin=P?-38
Added Pin To Net: NetName=PC7 Pin=P?-38
Added Pin To Net: NetName=FSMC_A10 Pin=P?-39
Added Pin To Net: NetName=PC6 Pin=P?-39
Added Pin To Net: NetName=FSMC_A9 Pin=P?-40
Added Pin To Net: NetName=NRF_IRQ Pin=P?-40
Added Pin To Net: NetName=FSMC_D4 Pin=P?-41
Added Pin To Net: NetName=NRF_CS Pin=P?-41
Added Pin To Net: NetName=FSMC_A11 Pin=P?-42
Added Pin To Net: NetName=NRF_CE Pin=P?-42
Added Pin To Net: NetName=FSMC_A15 Pin=P?-43
Added Pin To Net: NetName=FSMC_D6 Pin=P?-43
Added Pin To Net: NetName=FSMC_A14 Pin=P?-44
Added Pin To Net: NetName=FSMC_D5 Pin=P?-44
Added Pin To Net: NetName=FSMC_A13 Pin=P?-45
Added Pin To Net: NetName=FSMC_D8 Pin=P?-45
Added Pin To Net: NetName=FSMC_A12 Pin=P?-46
Added Pin To Net: NetName=FSMC_D7 Pin=P?-46
Added Pin To Net: NetName=FSMC_D10 Pin=P?-47
Added Pin To Net: NetName=FSMC_D13 Pin=P?-47
Added Pin To Net: NetName=FSMC_D0 Pin=P?-48
Added Pin To Net: NetName=FSMC_D9 Pin=P?-48
Added Pin To Net: NetName=FSMC_A18 Pin=P?-49
Added Pin To Net: NetName=FSMC_D12 Pin=P?-49
Added Pin To Net: NetName=FSMC_A17 Pin=P?-50
Added Pin To Net: NetName=FSMC_D11 Pin=P?-50
Added Pin To Net: NetName=FSMC_A16 Pin=P?-51
Added Pin To Net: NetName=IIC_SDA Pin=P?-51
Added Pin To Net: NetName=FSMC_D15 Pin=P?-52
Added Pin To Net: NetName=IIC_SCL Pin=P?-52
Added Pin To Net: NetName=FSMC_D14 Pin=P?-53
Added Pin To Net: NetName=FSMC_D13 Pin=P?-54
Added Pin To Net: NetName=VREF- Pin=P?-54
Added Pin To Net: NetName=PB15 Pin=P?-55
Added Pin To Net: NetName=PB14 Pin=P?-56
Added Pin To Net: NetName=VREF- Pin=P?-56
Added Pin To Net: NetName=+5V Pin=P?-57
Added Pin To Net: NetName=PB13 Pin=P?-57
Added Pin To Net: NetName=F_CS Pin=P?-58
Added Pin To Net: NetName=VREF- Pin=P?-58
Added Pin To Net: NetName=3.3V Pin=P?-53
Added Pin To Net: NetName=3.3V Pin=P?-55
Added Net: Name=3.3V
Added Member To Class: ClassName=stm32 Member=Component P? HEAD2*27
Added Member To Class: ClassName=stm32 Member=Component P? HEAD2*27
